<?xml version="1.0" encoding="UTF-8"?>
<testsuite name="Scenario: ISS response time is less than 2 seconds" tests="4" skipped="0" failures="0" errors="0" timestamp="2017-06-13T13:46:17" hostname="SBGML2329" time="1.442">
  <properties/>
  <testcase name="Given I access the ISS Current Location" classname="Scenario: ISS response time is less than 2 seconds" time="0.0"/>
  <testcase name="When I retrieve the ISS Current Location" classname="Scenario: ISS response time is less than 2 seconds" time="0.0"/>
  <testcase name="Then The response time should be less than 2000 miliseconds" classname="Scenario: ISS response time is less than 2 seconds" time="0.0"/>
  <testcase name="classMethod" classname="Scenario: ISS response time is less than 2 seconds" time="1.743"/>
  <system-out><![CDATA[]]></system-out>
  <system-err><![CDATA[]]></system-err>
</testsuite>
